[2018-08-07 Tue 14:02:14]elastictool.py-14235-140276452443904-90-    INFO-"更新数据"
[2018-08-07 Tue 14:02:14]elastictool.py-14235-140276452443904-93-    INFO-"None"
[2018-08-07 Tue 14:02:14]elastictool.py-14235-140276452443904-95-    INFO-"找不到该数据，创建数据"
[2018-08-07 Tue 14:02:14]elastictool.py-14235-140276452443904-102-    INFO-"更新数据ip :www.baidu.com"
[2018-08-07 Tue 14:02:14]elastictool.py-14235-140276452443904-102-    INFO-"更新数据country :0"
[2018-08-07 Tue 14:02:14]elastictool.py-14235-140276452443904-102-    INFO-"更新数据country_id :0"
[2018-08-07 Tue 14:02:14]elastictool.py-14235-140276452443904-102-    INFO-"更新数据area :0"
[2018-08-07 Tue 14:02:14]elastictool.py-14235-140276452443904-102-    INFO-"更新数据area_id :0"
[2018-08-07 Tue 14:02:14]elastictool.py-14235-140276452443904-102-    INFO-"更新数据region :0"
[2018-08-07 Tue 14:02:14]elastictool.py-14235-140276452443904-102-    INFO-"更新数据region_id :0"
[2018-08-07 Tue 14:02:14]elastictool.py-14235-140276452443904-102-    INFO-"更新数据city :0"
[2018-08-07 Tue 14:02:14]elastictool.py-14235-140276452443904-102-    INFO-"更新数据city_id :0"
[2018-08-07 Tue 14:02:14]elastictool.py-14235-140276452443904-102-    INFO-"更新数据county :0"
[2018-08-07 Tue 14:02:14]elastictool.py-14235-140276452443904-102-    INFO-"更新数据county_id :0"
[2018-08-07 Tue 14:02:14]elastictool.py-14235-140276452443904-102-    INFO-"更新数据isp :0"
[2018-08-07 Tue 14:02:14]elastictool.py-14235-140276452443904-102-    INFO-"更新数据isp_id :0"
[2018-08-07 Tue 14:02:15]elastictool.py-14235-140276452443904-102-    INFO-"更新数据updatetime :2018-08-07 14:02:14"
[2018-08-07 Tue 14:02:15]elastictool.py-14235-140276452443904-107-   ERROR-"Error: You cannot write to a wildcard index."
[2018-08-07 Tue 14:33:10]elastictool.py-15556-140290759890688-91-    INFO-"更新数据"
[2018-08-07 Tue 14:33:10]elastictool.py-15556-140290759890688-94-    INFO-"None"
[2018-08-07 Tue 14:33:10]elastictool.py-15556-140290759890688-96-    INFO-"找不到该数据，创建数据"
[2018-08-07 Tue 14:33:10]elastictool.py-15556-140290759890688-103-    INFO-"更新数据ip :www.baidu.com"
[2018-08-07 Tue 14:33:10]elastictool.py-15556-140290759890688-103-    INFO-"更新数据country :0"
[2018-08-07 Tue 14:33:10]elastictool.py-15556-140290759890688-103-    INFO-"更新数据country_id :0"
[2018-08-07 Tue 14:33:10]elastictool.py-15556-140290759890688-103-    INFO-"更新数据area :0"
[2018-08-07 Tue 14:33:10]elastictool.py-15556-140290759890688-103-    INFO-"更新数据area_id :0"
[2018-08-07 Tue 14:33:10]elastictool.py-15556-140290759890688-103-    INFO-"更新数据region :0"
[2018-08-07 Tue 14:33:10]elastictool.py-15556-140290759890688-103-    INFO-"更新数据region_id :0"
[2018-08-07 Tue 14:33:10]elastictool.py-15556-140290759890688-103-    INFO-"更新数据city :0"
[2018-08-07 Tue 14:33:10]elastictool.py-15556-140290759890688-103-    INFO-"更新数据city_id :0"
[2018-08-07 Tue 14:33:10]elastictool.py-15556-140290759890688-103-    INFO-"更新数据county :0"
[2018-08-07 Tue 14:33:11]elastictool.py-15556-140290759890688-103-    INFO-"更新数据county_id :0"
[2018-08-07 Tue 14:33:11]elastictool.py-15556-140290759890688-103-    INFO-"更新数据isp :0"
[2018-08-07 Tue 14:33:11]elastictool.py-15556-140290759890688-103-    INFO-"更新数据isp_id :0"
[2018-08-07 Tue 14:33:11]elastictool.py-15556-140290759890688-103-    INFO-"更新数据updatetime :2018-08-07 14:33:10"
[2018-08-07 Tue 14:33:11]elastictool.py-15556-140290759890688-108-   ERROR-"Error: None"
[2018-08-07 Tue 14:54:15]elastictool.py-16507-139714764396288-91-    INFO-"更新数据"
[2018-08-07 Tue 14:54:15]elastictool.py-16507-139714764396288-94-    INFO-"None"
[2018-08-07 Tue 14:54:15]elastictool.py-16507-139714764396288-96-    INFO-"找不到该数据，创建数据"
[2018-08-07 Tue 14:54:15]elastictool.py-16507-139714764396288-103-    INFO-"更新数据ip :www.bgpc.gov.cn"
[2018-08-07 Tue 14:54:15]elastictool.py-16507-139714764396288-103-    INFO-"更新数据country :"
[2018-08-07 Tue 14:54:15]elastictool.py-16507-139714764396288-103-    INFO-"更新数据country_id :"
[2018-08-07 Tue 14:54:15]elastictool.py-16507-139714764396288-103-    INFO-"更新数据area :"
[2018-08-07 Tue 14:54:15]elastictool.py-16507-139714764396288-103-    INFO-"更新数据area_id :0"
[2018-08-07 Tue 14:54:15]elastictool.py-16507-139714764396288-103-    INFO-"更新数据region :"
[2018-08-07 Tue 14:54:15]elastictool.py-16507-139714764396288-103-    INFO-"更新数据region_id :"
[2018-08-07 Tue 14:54:15]elastictool.py-16507-139714764396288-103-    INFO-"更新数据city :"
[2018-08-07 Tue 14:54:15]elastictool.py-16507-139714764396288-103-    INFO-"更新数据city_id :0"
[2018-08-07 Tue 14:54:15]elastictool.py-16507-139714764396288-103-    INFO-"更新数据county :"
[2018-08-07 Tue 14:54:15]elastictool.py-16507-139714764396288-103-    INFO-"更新数据county_id :0"
[2018-08-07 Tue 14:54:15]elastictool.py-16507-139714764396288-103-    INFO-"更新数据isp :"
[2018-08-07 Tue 14:54:15]elastictool.py-16507-139714764396288-103-    INFO-"更新数据isp_id :0"
[2018-08-07 Tue 14:54:15]elastictool.py-16507-139714764396288-103-    INFO-"更新数据updatetime :2018-08-07 14:54:15"
[2018-08-07 Tue 14:54:15]elastictool.py-16507-139714764396288-108-   ERROR-"Error: None"
[2018-08-07 Tue 14:57:35]elastictool.py-16670-139874908141312-87-    INFO-"get_table_objip_maindata"
[2018-08-07 Tue 14:57:35]elastictool.py-16670-139874908141312-89-    INFO-"get each insert: ('www.bgpc.gov.cn', '0', '0', '0', '0', '0', '0', '0', '0', '0', '0', '0', '0', '2018-08-07 14:57:35')"
[2018-08-07 Tue 14:57:35]elastictool.py-16670-139874908141312-92-    INFO-"更新数据"
[2018-08-07 Tue 14:57:35]elastictool.py-16670-139874908141312-95-    INFO-"None"
[2018-08-07 Tue 14:57:35]elastictool.py-16670-139874908141312-97-    INFO-"找不到该数据，创建数据"
[2018-08-07 Tue 14:57:35]elastictool.py-16670-139874908141312-104-    INFO-"更新数据ip :www.bgpc.gov.cn"
[2018-08-07 Tue 14:57:35]elastictool.py-16670-139874908141312-104-    INFO-"更新数据country :0"
[2018-08-07 Tue 14:57:35]elastictool.py-16670-139874908141312-104-    INFO-"更新数据country_id :0"
[2018-08-07 Tue 14:57:35]elastictool.py-16670-139874908141312-104-    INFO-"更新数据area :0"
[2018-08-07 Tue 14:57:35]elastictool.py-16670-139874908141312-104-    INFO-"更新数据area_id :0"
[2018-08-07 Tue 14:57:35]elastictool.py-16670-139874908141312-104-    INFO-"更新数据region :0"
[2018-08-07 Tue 14:57:35]elastictool.py-16670-139874908141312-104-    INFO-"更新数据region_id :0"
[2018-08-07 Tue 14:57:35]elastictool.py-16670-139874908141312-104-    INFO-"更新数据city :0"
[2018-08-07 Tue 14:57:35]elastictool.py-16670-139874908141312-104-    INFO-"更新数据city_id :0"
[2018-08-07 Tue 14:57:35]elastictool.py-16670-139874908141312-104-    INFO-"更新数据county :0"
[2018-08-07 Tue 14:57:35]elastictool.py-16670-139874908141312-104-    INFO-"更新数据county_id :0"
[2018-08-07 Tue 14:57:35]elastictool.py-16670-139874908141312-104-    INFO-"更新数据isp :0"
[2018-08-07 Tue 14:57:35]elastictool.py-16670-139874908141312-104-    INFO-"更新数据isp_id :0"
[2018-08-07 Tue 14:57:35]elastictool.py-16670-139874908141312-104-    INFO-"更新数据updatetime :2018-08-07 14:57:35"
[2018-08-07 Tue 14:57:35]elastictool.py-16670-139874908141312-109-   ERROR-"Error: None"
