[2018-08-09 Thu 21:24:53]portscantask.py-624-139647335372544-34-    INFO-"Thread-3 端口扫描　执行任务中2018-08-09 21:24:53.058588"
[2018-08-09 Thu 21:25:07]portscantask.py-624-139647335372544-64-    INFO-"webutil.getwebinfo() method_1 keywords:

title:

"
[2018-08-09 Thu 21:25:07]portscantask.py-624-139647335372544-104-    INFO-"Thread-3 端口扫描　任务结束2018-08-09 21:25:07.672472"
[2018-08-09 Thu 21:25:08]portscantask.py-624-139647342343936-34-    INFO-"Thread-4 端口扫描　执行任务中2018-08-09 21:25:08.955723"
[2018-08-09 Thu 21:26:06]portscantask.py-624-139647334319872-34-    INFO-"Thread-5 端口扫描　执行任务中2018-08-09 21:26:06.019519"
[2018-08-09 Thu 21:26:06]portscantask.py-624-139647333791488-34-    INFO-"Thread-6 端口扫描　执行任务中2018-08-09 21:26:06.020715"
[2018-08-09 Thu 21:26:06]portscantask.py-624-139647334319872-34-    INFO-"Thread-5 端口扫描　执行任务中2018-08-09 21:26:06.020951"
[2018-08-09 Thu 21:26:06]portscantask.py-624-139647333791488-34-    INFO-"Thread-6 端口扫描　执行任务中2018-08-09 21:26:06.021675"
[2018-08-09 Thu 21:26:06]portscantask.py-624-139647333263104-34-    INFO-"Thread-7 端口扫描　执行任务中2018-08-09 21:26:06.024242"
[2018-08-09 Thu 21:26:06]portscantask.py-624-139647331677952-34-    INFO-"Thread-10 端口扫描　执行任务中2018-08-09 21:26:06.025426"
[2018-08-09 Thu 21:26:06]portscantask.py-624-139647334319872-34-    INFO-"Thread-5 端口扫描　执行任务中2018-08-09 21:26:06.025700"
[2018-08-09 Thu 21:26:07]portscantask.py-624-139647333791488-64-    INFO-"webutil.getwebinfo() method_1 keywords:

title:

"
[2018-08-09 Thu 21:26:07]portscantask.py-624-139647333791488-104-    INFO-"Thread-6 端口扫描　任务结束2018-08-09 21:26:07.323926"
[2018-08-09 Thu 21:27:27]portscantask.py-929-139711419709184-34-    INFO-"Thread-3 端口扫描　执行任务中2018-08-09 21:27:27.889744"
[2018-08-09 Thu 21:27:31]portscantask.py-929-139711409288960-34-    INFO-"Thread-4 端口扫描　执行任务中2018-08-09 21:27:31.862862"
[2018-08-09 Thu 21:27:39]portscantask.py-929-139711419709184-64-    INFO-"webutil.getwebinfo() method_1 keywords:

title:

"
[2018-08-09 Thu 21:27:39]portscantask.py-929-139711419709184-104-    INFO-"Thread-3 端口扫描　任务结束2018-08-09 21:27:39.940476"
[2018-08-09 Thu 21:28:34]portscantask.py-929-139711143937792-34-    INFO-"Thread-7 端口扫描　执行任务中2018-08-09 21:28:34.173327"
[2018-08-09 Thu 21:28:34]portscantask.py-929-139711143937792-34-    INFO-"Thread-7 端口扫描　执行任务中2018-08-09 21:28:34.173992"
[2018-08-09 Thu 21:28:34]portscantask.py-929-139711143937792-34-    INFO-"Thread-7 端口扫描　执行任务中2018-08-09 21:28:34.174568"
[2018-08-09 Thu 21:28:34]portscantask.py-929-139711143409408-34-    INFO-"Thread-8 端口扫描　执行任务中2018-08-09 21:28:34.175672"
[2018-08-09 Thu 21:28:34]portscantask.py-929-139711409288960-34-    INFO-"Thread-4 端口扫描　执行任务中2018-08-09 21:28:34.176715"
[2018-08-09 Thu 21:28:34]portscantask.py-929-139711141824256-34-    INFO-"Thread-11 端口扫描　执行任务中2018-08-09 21:28:34.180045"
[2018-08-09 Thu 21:28:50]portscantask.py-929-139711143937792-64-    INFO-"webutil.getwebinfo() method_1 keywords:

title:

"
[2018-08-09 Thu 21:28:50]portscantask.py-929-139711143937792-104-    INFO-"Thread-7 端口扫描　任务结束2018-08-09 21:28:50.739731"
[2018-08-10 Fri 10:43:12]portscantask.py-12405-140404362024704-34-    INFO-"Thread-3 端口扫描　执行任务中2018-08-10 10:43:12.961431"
[2018-08-10 Fri 10:56:47]portscantask.py-13006-140682716608256-34-    INFO-"Thread-3 端口扫描　执行任务中2018-08-10 10:56:47.138889"
[2018-08-10 Fri 10:56:47]portscantask.py-13006-140682716079872-34-    INFO-"Thread-4 端口扫描　执行任务中2018-08-10 10:56:47.139688"
[2018-08-10 Fri 10:56:47]portscantask.py-13006-140682715551488-34-    INFO-"Thread-5 端口扫描　执行任务中2018-08-10 10:56:47.140289"
[2018-08-10 Fri 10:56:47]portscantask.py-13006-140682716079872-80-    INFO-"webutil.getwebinfo() method_2 keywords:

title:

"
[2018-08-10 Fri 10:56:47]portscantask.py-13006-140682715551488-80-    INFO-"webutil.getwebinfo() method_2 keywords:

title:

"
[2018-08-10 Fri 10:56:47]portscantask.py-13006-140682716079872-104-    INFO-"Thread-4 端口扫描　任务结束2018-08-10 10:56:47.214227"
[2018-08-10 Fri 10:56:47]portscantask.py-13006-140682715551488-104-    INFO-"Thread-5 端口扫描　任务结束2018-08-10 10:56:47.214600"
[2018-08-10 Fri 10:56:47]portscantask.py-13006-140682716608256-64-    INFO-"webutil.getwebinfo() method_1 keywords:

title:

"
[2018-08-10 Fri 10:56:48]portscantask.py-13006-140682716608256-104-    INFO-"Thread-3 端口扫描　任务结束2018-08-10 10:56:48.010658"
[2018-08-10 Fri 11:20:39]portscantask.py-15016-139815704426240-34-    INFO-"Thread-3 端口扫描　执行任务中2018-08-10 11:20:39.090942"
[2018-08-10 Fri 11:21:07]portscantask.py-15016-139815694006016-34-    INFO-"Thread-4 端口扫描　执行任务中2018-08-10 11:21:07.754428"
