[2018-07-30 Mon 13:54:31]elastictool.py-3785-140094486832896-92-    INFO-"None"
[2018-07-30 Mon 13:54:31]elastictool.py-3785-140094486832896-108-   ERROR-"error: You cannot write to a wildcard index."
[2018-07-30 Mon 15:38:14]elastictool.py-7380-139952386754304-92-    INFO-"None"
[2018-07-30 Mon 15:38:14]elastictool.py-7380-139952386754304-108-   ERROR-"error: You cannot write to a wildcard index."
[2018-08-02 Thu 16:09:38]elastictool.py-9830-140382415353600-90-    INFO-"更新数据"
[2018-08-02 Thu 16:09:38]elastictool.py-9830-140382415353600-93-    INFO-"None"
[2018-08-02 Thu 16:09:38]elastictool.py-9830-140382415353600-95-    INFO-"找不到该数据，创建数据"
[2018-08-02 Thu 16:09:38]elastictool.py-9830-140382415353600-102-    INFO-"更新数据ip :www.jd.com"
[2018-08-02 Thu 16:09:38]elastictool.py-9830-140382415353600-102-    INFO-"更新数据country :"
[2018-08-02 Thu 16:09:38]elastictool.py-9830-140382415353600-102-    INFO-"更新数据country_id :"
[2018-08-02 Thu 16:09:38]elastictool.py-9830-140382415353600-102-    INFO-"更新数据area :"
[2018-08-02 Thu 16:09:38]elastictool.py-9830-140382415353600-102-    INFO-"更新数据area_id :0"
[2018-08-02 Thu 16:09:38]elastictool.py-9830-140382415353600-102-    INFO-"更新数据region :"
[2018-08-02 Thu 16:09:38]elastictool.py-9830-140382415353600-102-    INFO-"更新数据region_id :"
[2018-08-02 Thu 16:09:38]elastictool.py-9830-140382415353600-102-    INFO-"更新数据city :"
[2018-08-02 Thu 16:09:38]elastictool.py-9830-140382415353600-102-    INFO-"更新数据city_id :0"
[2018-08-02 Thu 16:09:38]elastictool.py-9830-140382415353600-102-    INFO-"更新数据county :"
[2018-08-02 Thu 16:09:38]elastictool.py-9830-140382415353600-102-    INFO-"更新数据county_id :0"
[2018-08-02 Thu 16:09:38]elastictool.py-9830-140382415353600-102-    INFO-"更新数据isp :"
[2018-08-02 Thu 16:09:38]elastictool.py-9830-140382415353600-102-    INFO-"更新数据isp_id :0"
[2018-08-02 Thu 16:09:38]elastictool.py-9830-140382415353600-102-    INFO-"更新数据updatetime :2018-08-02 16:09:37"
[2018-08-02 Thu 16:09:38]elastictool.py-9830-140382415353600-107-   ERROR-"Error: You cannot write to a wildcard index."
