[2018-08-22 Wed 23:59:00]default.py-13606-140550156527360-72-    INFO-"Load Plugin: component.xampp.XAMPP_0513e4ffc8bbb2129805b3ac0e9545ea.P"
[2018-08-22 Wed 23:59:00]default.py-13606-140550156527360-91-    INFO-"Module keywords: xampp -> (['xampp'], 'component')"
[2018-08-22 Wed 23:59:00]default.py-13606-140550156527360-91-    INFO-"Module rules: xampp -> (['xampp'], 'component')"
[2018-08-22 Wed 23:59:00]default.py-13606-140550156527360-72-    INFO-"Load Plugin: component.httpfileserver.httpfileserver.P"
[2018-08-22 Wed 23:59:00]default.py-13606-140550156527360-91-    INFO-"Module keywords: httpfileserver -> (['httpfileserver'], 'component')"
[2018-08-22 Wed 23:59:00]default.py-13606-140550156527360-91-    INFO-"Module rules: httpfileserver -> (['httpfileserver'], 'component')"
[2018-08-22 Wed 23:59:50]default.py-13606-140549613668096-72-    INFO-"Load Plugin: component.xampp.XAMPP_0513e4ffc8bbb2129805b3ac0e9545ea.P"
[2018-08-22 Wed 23:59:50]default.py-13606-140549613668096-91-    INFO-"Module keywords: xampp -> (['xampp'], 'component')"
[2018-08-22 Wed 23:59:50]default.py-13606-140549613668096-91-    INFO-"Module rules: xampp -> (['xampp'], 'component')"
[2018-08-22 Wed 23:59:50]default.py-13606-140549613668096-72-    INFO-"Load Plugin: component.httpfileserver.httpfileserver.P"
[2018-08-22 Wed 23:59:50]default.py-13606-140549612082944-72-    INFO-"Load Plugin: component.xampp.XAMPP_0513e4ffc8bbb2129805b3ac0e9545ea.P"
[2018-08-22 Wed 23:59:50]default.py-13606-140549612082944-91-    INFO-"Module keywords: xampp -> (['xampp'], 'component')"
[2018-08-22 Wed 23:59:50]default.py-13606-140549613668096-91-    INFO-"Module keywords: httpfileserver -> (['httpfileserver'], 'component')"
[2018-08-22 Wed 23:59:50]default.py-13606-140549612082944-91-    INFO-"Module rules: xampp -> (['xampp'], 'component')"
[2018-08-22 Wed 23:59:50]default.py-13606-140549612082944-72-    INFO-"Load Plugin: component.httpfileserver.httpfileserver.P"
[2018-08-22 Wed 23:59:50]default.py-13606-140549612082944-91-    INFO-"Module keywords: httpfileserver -> (['httpfileserver'], 'component')"
[2018-08-22 Wed 23:59:50]default.py-13606-140549612082944-91-    INFO-"Module rules: httpfileserver -> (['httpfileserver'], 'component')"
[2018-08-22 Wed 23:59:50]default.py-13606-140549613668096-91-    INFO-"Module rules: httpfileserver -> (['httpfileserver'], 'component')"
[2018-08-23 Thu 00:01:46]default.py-13606-140549614196480-72-    INFO-"Load Plugin: component.xampp.XAMPP_0513e4ffc8bbb2129805b3ac0e9545ea.P"
[2018-08-23 Thu 00:01:46]default.py-13606-140549614196480-91-    INFO-"Module keywords: xampp -> (['xampp'], 'component')"
[2018-08-23 Thu 00:01:46]default.py-13606-140549614196480-91-    INFO-"Module rules: xampp -> (['xampp'], 'component')"
[2018-08-23 Thu 00:01:46]default.py-13606-140549614196480-72-    INFO-"Load Plugin: component.httpfileserver.httpfileserver.P"
[2018-08-23 Thu 00:01:46]default.py-13606-140549614196480-91-    INFO-"Module keywords: httpfileserver -> (['httpfileserver'], 'component')"
[2018-08-23 Thu 00:01:46]default.py-13606-140549614196480-91-    INFO-"Module rules: httpfileserver -> (['httpfileserver'], 'component')"
[2018-08-23 Thu 00:02:33]default.py-13606-140549614724864-72-    INFO-"Load Plugin: component.xampp.XAMPP_0513e4ffc8bbb2129805b3ac0e9545ea.P"
[2018-08-23 Thu 00:02:33]default.py-13606-140549614724864-91-    INFO-"Module keywords: xampp -> (['xampp'], 'component')"
[2018-08-23 Thu 00:02:33]default.py-13606-140549614724864-91-    INFO-"Module rules: xampp -> (['xampp'], 'component')"
[2018-08-23 Thu 00:02:33]default.py-13606-140549614724864-72-    INFO-"Load Plugin: component.httpfileserver.httpfileserver.P"
[2018-08-23 Thu 00:02:33]default.py-13606-140549614724864-91-    INFO-"Module keywords: httpfileserver -> (['httpfileserver'], 'component')"
[2018-08-23 Thu 00:02:33]default.py-13606-140549614724864-91-    INFO-"Module rules: httpfileserver -> (['httpfileserver'], 'component')"
[2018-08-23 Thu 00:04:13]default.py-13606-140549614196480-72-    INFO-"Load Plugin: component.xampp.XAMPP_0513e4ffc8bbb2129805b3ac0e9545ea.P"
[2018-08-23 Thu 00:04:13]default.py-13606-140549614196480-91-    INFO-"Module keywords: xampp -> (['xampp'], 'component')"
[2018-08-23 Thu 00:04:13]default.py-13606-140550156527360-72-    INFO-"Load Plugin: component.xampp.XAMPP_0513e4ffc8bbb2129805b3ac0e9545ea.P"
[2018-08-23 Thu 00:04:13]default.py-13606-140549614724864-72-    INFO-"Load Plugin: component.xampp.XAMPP_0513e4ffc8bbb2129805b3ac0e9545ea.P"
[2018-08-23 Thu 00:04:13]default.py-13606-140549614196480-91-    INFO-"Module rules: xampp -> (['xampp'], 'component')"
[2018-08-23 Thu 00:04:13]default.py-13606-140550156527360-91-    INFO-"Module keywords: xampp -> (['xampp'], 'component')"
[2018-08-23 Thu 00:04:13]default.py-13606-140549614196480-72-    INFO-"Load Plugin: component.httpfileserver.httpfileserver.P"
[2018-08-23 Thu 00:04:13]default.py-13606-140549614724864-91-    INFO-"Module keywords: xampp -> (['xampp'], 'component')"
[2018-08-23 Thu 00:04:13]default.py-13606-140550156527360-91-    INFO-"Module rules: xampp -> (['xampp'], 'component')"
[2018-08-23 Thu 00:04:13]default.py-13606-140549614196480-91-    INFO-"Module keywords: httpfileserver -> (['httpfileserver'], 'component')"
[2018-08-23 Thu 00:04:13]default.py-13606-140549614724864-91-    INFO-"Module rules: xampp -> (['xampp'], 'component')"
[2018-08-23 Thu 00:04:13]default.py-13606-140550156527360-72-    INFO-"Load Plugin: component.httpfileserver.httpfileserver.P"
[2018-08-23 Thu 00:04:13]default.py-13606-140549614196480-91-    INFO-"Module rules: httpfileserver -> (['httpfileserver'], 'component')"
[2018-08-23 Thu 00:04:13]default.py-13606-140550156527360-91-    INFO-"Module keywords: httpfileserver -> (['httpfileserver'], 'component')"
[2018-08-23 Thu 00:04:13]default.py-13606-140549614724864-72-    INFO-"Load Plugin: component.httpfileserver.httpfileserver.P"
[2018-08-23 Thu 00:04:13]default.py-13606-140550156527360-91-    INFO-"Module rules: httpfileserver -> (['httpfileserver'], 'component')"
[2018-08-23 Thu 00:04:13]default.py-13606-140549614724864-91-    INFO-"Module keywords: httpfileserver -> (['httpfileserver'], 'component')"
[2018-08-23 Thu 00:04:13]default.py-13606-140549614724864-91-    INFO-"Module rules: httpfileserver -> (['httpfileserver'], 'component')"
[2018-08-23 Thu 00:04:47]default.py-13606-140549613139712-72-    INFO-"Load Plugin: component.xampp.XAMPP_0513e4ffc8bbb2129805b3ac0e9545ea.P"
[2018-08-23 Thu 00:04:47]default.py-13606-140549613139712-91-    INFO-"Module keywords: xampp -> (['xampp'], 'component')"
[2018-08-23 Thu 00:04:47]default.py-13606-140550154159872-72-    INFO-"Load Plugin: component.xampp.XAMPP_0513e4ffc8bbb2129805b3ac0e9545ea.P"
[2018-08-23 Thu 00:04:47]default.py-13606-140549613139712-91-    INFO-"Module rules: xampp -> (['xampp'], 'component')"
[2018-08-23 Thu 00:04:47]default.py-13606-140550154159872-91-    INFO-"Module keywords: xampp -> (['xampp'], 'component')"
[2018-08-23 Thu 00:04:47]default.py-13606-140550154159872-91-    INFO-"Module rules: xampp -> (['xampp'], 'component')"
[2018-08-23 Thu 00:04:47]default.py-13606-140549613139712-72-    INFO-"Load Plugin: component.httpfileserver.httpfileserver.P"
[2018-08-23 Thu 00:04:47]default.py-13606-140550154159872-72-    INFO-"Load Plugin: component.httpfileserver.httpfileserver.P"
[2018-08-23 Thu 00:04:47]default.py-13606-140549613139712-91-    INFO-"Module keywords: httpfileserver -> (['httpfileserver'], 'component')"
[2018-08-23 Thu 00:04:47]default.py-13606-140550154159872-91-    INFO-"Module keywords: httpfileserver -> (['httpfileserver'], 'component')"
[2018-08-23 Thu 00:04:47]default.py-13606-140549613139712-91-    INFO-"Module rules: httpfileserver -> (['httpfileserver'], 'component')"
[2018-08-23 Thu 00:04:47]default.py-13606-140550154159872-91-    INFO-"Module rules: httpfileserver -> (['httpfileserver'], 'component')"
[2018-08-23 Thu 00:06:07]default.py-13606-140549622630144-72-    INFO-"Load Plugin: component.xampp.XAMPP_0513e4ffc8bbb2129805b3ac0e9545ea.P"
[2018-08-23 Thu 00:06:07]default.py-13606-140549622630144-91-    INFO-"Module keywords: xampp -> (['xampp'], 'component')"
[2018-08-23 Thu 00:06:07]default.py-13606-140549622630144-91-    INFO-"Module rules: xampp -> (['xampp'], 'component')"
[2018-08-23 Thu 00:06:07]default.py-13606-140549622630144-72-    INFO-"Load Plugin: component.httpfileserver.httpfileserver.P"
[2018-08-23 Thu 00:06:07]default.py-13606-140549622630144-91-    INFO-"Module keywords: httpfileserver -> (['httpfileserver'], 'component')"
[2018-08-23 Thu 00:06:07]default.py-13606-140549622630144-91-    INFO-"Module rules: httpfileserver -> (['httpfileserver'], 'component')"
[2018-08-23 Thu 00:06:09]default.py-13606-140550154159872-72-    INFO-"Load Plugin: component.xampp.XAMPP_0513e4ffc8bbb2129805b3ac0e9545ea.P"
[2018-08-23 Thu 00:06:09]default.py-13606-140550156527360-72-    INFO-"Load Plugin: component.xampp.XAMPP_0513e4ffc8bbb2129805b3ac0e9545ea.P"
[2018-08-23 Thu 00:06:09]default.py-13606-140550154159872-91-    INFO-"Module keywords: xampp -> (['xampp'], 'component')"
[2018-08-23 Thu 00:06:09]default.py-13606-140550156527360-91-    INFO-"Module keywords: xampp -> (['xampp'], 'component')"
[2018-08-23 Thu 00:06:09]default.py-13606-140550154159872-91-    INFO-"Module rules: xampp -> (['xampp'], 'component')"
[2018-08-23 Thu 00:06:09]default.py-13606-140549621044992-72-    INFO-"Load Plugin: component.xampp.XAMPP_0513e4ffc8bbb2129805b3ac0e9545ea.P"
[2018-08-23 Thu 00:06:09]default.py-13606-140550156527360-91-    INFO-"Module rules: xampp -> (['xampp'], 'component')"
[2018-08-23 Thu 00:06:09]default.py-13606-140549621044992-91-    INFO-"Module keywords: xampp -> (['xampp'], 'component')"
[2018-08-23 Thu 00:06:09]default.py-13606-140550154159872-72-    INFO-"Load Plugin: component.httpfileserver.httpfileserver.P"
[2018-08-23 Thu 00:06:09]default.py-13606-140549621044992-91-    INFO-"Module rules: xampp -> (['xampp'], 'component')"
[2018-08-23 Thu 00:06:09]default.py-13606-140550156527360-72-    INFO-"Load Plugin: component.httpfileserver.httpfileserver.P"
[2018-08-23 Thu 00:06:09]default.py-13606-140550154159872-91-    INFO-"Module keywords: httpfileserver -> (['httpfileserver'], 'component')"
[2018-08-23 Thu 00:06:09]default.py-13606-140550156527360-91-    INFO-"Module keywords: httpfileserver -> (['httpfileserver'], 'component')"
[2018-08-23 Thu 00:06:09]default.py-13606-140549621044992-72-    INFO-"Load Plugin: component.httpfileserver.httpfileserver.P"
[2018-08-23 Thu 00:06:09]default.py-13606-140550154159872-91-    INFO-"Module rules: httpfileserver -> (['httpfileserver'], 'component')"
[2018-08-23 Thu 00:06:09]default.py-13606-140549621044992-91-    INFO-"Module keywords: httpfileserver -> (['httpfileserver'], 'component')"
[2018-08-23 Thu 00:06:10]default.py-13606-140549621044992-91-    INFO-"Module rules: httpfileserver -> (['httpfileserver'], 'component')"
[2018-08-23 Thu 00:06:10]default.py-13606-140550156527360-91-    INFO-"Module rules: httpfileserver -> (['httpfileserver'], 'component')"
[2018-08-23 Thu 00:06:22]default.py-13606-140549612082944-72-    INFO-"Load Plugin: component.xampp.XAMPP_0513e4ffc8bbb2129805b3ac0e9545ea.P"
[2018-08-23 Thu 00:06:22]default.py-13606-140549612082944-91-    INFO-"Module keywords: xampp -> (['xampp'], 'component')"
[2018-08-23 Thu 00:06:22]default.py-13606-140549612082944-91-    INFO-"Module rules: xampp -> (['xampp'], 'component')"
[2018-08-23 Thu 00:06:22]default.py-13606-140549612082944-72-    INFO-"Load Plugin: component.httpfileserver.httpfileserver.P"
[2018-08-23 Thu 00:06:22]default.py-13606-140549612082944-91-    INFO-"Module keywords: httpfileserver -> (['httpfileserver'], 'component')"
[2018-08-23 Thu 00:06:22]default.py-13606-140549612082944-91-    INFO-"Module rules: httpfileserver -> (['httpfileserver'], 'component')"
[2018-08-23 Thu 00:06:30]default.py-13606-140549621044992-72-    INFO-"Load Plugin: component.xampp.XAMPP_0513e4ffc8bbb2129805b3ac0e9545ea.P"
[2018-08-23 Thu 00:06:30]default.py-13606-140549621044992-91-    INFO-"Module keywords: xampp -> (['xampp'], 'component')"
[2018-08-23 Thu 00:06:30]default.py-13606-140549621044992-91-    INFO-"Module rules: xampp -> (['xampp'], 'component')"
[2018-08-23 Thu 00:06:30]default.py-13606-140549621044992-72-    INFO-"Load Plugin: component.httpfileserver.httpfileserver.P"
[2018-08-23 Thu 00:06:30]default.py-13606-140549621044992-91-    INFO-"Module keywords: httpfileserver -> (['httpfileserver'], 'component')"
[2018-08-23 Thu 00:06:30]default.py-13606-140549621044992-91-    INFO-"Module rules: httpfileserver -> (['httpfileserver'], 'component')"
[2018-08-23 Thu 00:06:48]default.py-13606-140549614724864-72-    INFO-"Load Plugin: component.xampp.XAMPP_0513e4ffc8bbb2129805b3ac0e9545ea.P"
[2018-08-23 Thu 00:06:48]default.py-13606-140549614724864-91-    INFO-"Module keywords: xampp -> (['xampp'], 'component')"
[2018-08-23 Thu 00:06:48]default.py-13606-140549614724864-91-    INFO-"Module rules: xampp -> (['xampp'], 'component')"
[2018-08-23 Thu 00:06:48]default.py-13606-140549614724864-72-    INFO-"Load Plugin: component.httpfileserver.httpfileserver.P"
[2018-08-23 Thu 00:06:48]default.py-13606-140549614724864-91-    INFO-"Module keywords: httpfileserver -> (['httpfileserver'], 'component')"
[2018-08-23 Thu 00:06:48]default.py-13606-140549614724864-91-    INFO-"Module rules: httpfileserver -> (['httpfileserver'], 'component')"
[2018-08-23 Thu 00:06:52]default.py-13606-140549613668096-72-    INFO-"Load Plugin: component.xampp.XAMPP_0513e4ffc8bbb2129805b3ac0e9545ea.P"
[2018-08-23 Thu 00:06:52]default.py-13606-140549613668096-91-    INFO-"Module keywords: xampp -> (['xampp'], 'component')"
[2018-08-23 Thu 00:06:52]default.py-13606-140549613668096-91-    INFO-"Module rules: xampp -> (['xampp'], 'component')"
[2018-08-23 Thu 00:06:52]default.py-13606-140549613668096-72-    INFO-"Load Plugin: component.httpfileserver.httpfileserver.P"
[2018-08-23 Thu 00:06:52]default.py-13606-140549613668096-91-    INFO-"Module keywords: httpfileserver -> (['httpfileserver'], 'component')"
[2018-08-23 Thu 00:06:52]default.py-13606-140549613668096-91-    INFO-"Module rules: httpfileserver -> (['httpfileserver'], 'component')"
[2018-08-23 Thu 00:07:59]default.py-13606-140549621573376-72-    INFO-"Load Plugin: component.xampp.XAMPP_0513e4ffc8bbb2129805b3ac0e9545ea.P"
[2018-08-23 Thu 00:07:59]default.py-13606-140550154159872-72-    INFO-"Load Plugin: component.xampp.XAMPP_0513e4ffc8bbb2129805b3ac0e9545ea.P"
[2018-08-23 Thu 00:07:59]default.py-13606-140549621573376-91-    INFO-"Module keywords: xampp -> (['xampp'], 'component')"
[2018-08-23 Thu 00:07:59]default.py-13606-140550154159872-91-    INFO-"Module keywords: xampp -> (['xampp'], 'component')"
[2018-08-23 Thu 00:07:59]default.py-13606-140549621573376-91-    INFO-"Module rules: xampp -> (['xampp'], 'component')"
[2018-08-23 Thu 00:07:59]default.py-13606-140550154159872-91-    INFO-"Module rules: xampp -> (['xampp'], 'component')"
[2018-08-23 Thu 00:07:59]default.py-13606-140550154159872-72-    INFO-"Load Plugin: component.httpfileserver.httpfileserver.P"
[2018-08-23 Thu 00:07:59]default.py-13606-140550154159872-91-    INFO-"Module keywords: httpfileserver -> (['httpfileserver'], 'component')"
[2018-08-23 Thu 00:07:59]default.py-13606-140549621573376-72-    INFO-"Load Plugin: component.httpfileserver.httpfileserver.P"
[2018-08-23 Thu 00:07:59]default.py-13606-140550154159872-91-    INFO-"Module rules: httpfileserver -> (['httpfileserver'], 'component')"
[2018-08-23 Thu 00:07:59]default.py-13606-140549621573376-91-    INFO-"Module keywords: httpfileserver -> (['httpfileserver'], 'component')"
[2018-08-23 Thu 00:07:59]default.py-13606-140549621573376-91-    INFO-"Module rules: httpfileserver -> (['httpfileserver'], 'component')"
[2018-08-23 Thu 00:09:35]default.py-13606-140549622630144-72-    INFO-"Load Plugin: component.xampp.XAMPP_0513e4ffc8bbb2129805b3ac0e9545ea.P"
[2018-08-23 Thu 00:09:35]default.py-13606-140549619205888-72-    INFO-"Load Plugin: component.xampp.XAMPP_0513e4ffc8bbb2129805b3ac0e9545ea.P"
[2018-08-23 Thu 00:09:35]default.py-13606-140549622630144-91-    INFO-"Module keywords: xampp -> (['xampp'], 'component')"
[2018-08-23 Thu 00:09:35]default.py-13606-140549619205888-91-    INFO-"Module keywords: xampp -> (['xampp'], 'component')"
[2018-08-23 Thu 00:09:35]default.py-13606-140550154688256-72-    INFO-"Load Plugin: component.xampp.XAMPP_0513e4ffc8bbb2129805b3ac0e9545ea.P"
[2018-08-23 Thu 00:09:35]default.py-13606-140549622630144-91-    INFO-"Module rules: xampp -> (['xampp'], 'component')"
[2018-08-23 Thu 00:09:35]default.py-13606-140549619205888-91-    INFO-"Module rules: xampp -> (['xampp'], 'component')"
[2018-08-23 Thu 00:09:35]default.py-13606-140550154688256-91-    INFO-"Module keywords: xampp -> (['xampp'], 'component')"
[2018-08-23 Thu 00:09:35]default.py-13606-140549622630144-72-    INFO-"Load Plugin: component.httpfileserver.httpfileserver.P"
[2018-08-23 Thu 00:09:35]default.py-13606-140549619205888-72-    INFO-"Load Plugin: component.httpfileserver.httpfileserver.P"
[2018-08-23 Thu 00:09:35]default.py-13606-140550154688256-91-    INFO-"Module rules: xampp -> (['xampp'], 'component')"
[2018-08-23 Thu 00:09:35]default.py-13606-140549622630144-91-    INFO-"Module keywords: httpfileserver -> (['httpfileserver'], 'component')"
[2018-08-23 Thu 00:09:35]default.py-13606-140549619205888-91-    INFO-"Module keywords: httpfileserver -> (['httpfileserver'], 'component')"
[2018-08-23 Thu 00:09:35]default.py-13606-140549622630144-91-    INFO-"Module rules: httpfileserver -> (['httpfileserver'], 'component')"
[2018-08-23 Thu 00:09:35]default.py-13606-140550154688256-72-    INFO-"Load Plugin: component.httpfileserver.httpfileserver.P"
[2018-08-23 Thu 00:09:35]default.py-13606-140549619205888-91-    INFO-"Module rules: httpfileserver -> (['httpfileserver'], 'component')"
[2018-08-23 Thu 00:09:35]default.py-13606-140550154688256-91-    INFO-"Module keywords: httpfileserver -> (['httpfileserver'], 'component')"
[2018-08-23 Thu 00:09:35]default.py-13606-140550154688256-91-    INFO-"Module rules: httpfileserver -> (['httpfileserver'], 'component')"
[2018-08-23 Thu 00:09:40]default.py-13606-140549613668096-72-    INFO-"Load Plugin: component.xampp.XAMPP_0513e4ffc8bbb2129805b3ac0e9545ea.P"
[2018-08-23 Thu 00:09:40]default.py-13606-140549613668096-91-    INFO-"Module keywords: xampp -> (['xampp'], 'component')"
[2018-08-23 Thu 00:09:40]default.py-13606-140549613668096-91-    INFO-"Module rules: xampp -> (['xampp'], 'component')"
[2018-08-23 Thu 00:09:40]default.py-13606-140549613668096-72-    INFO-"Load Plugin: component.httpfileserver.httpfileserver.P"
[2018-08-23 Thu 00:09:40]default.py-13606-140549613668096-91-    INFO-"Module keywords: httpfileserver -> (['httpfileserver'], 'component')"
[2018-08-23 Thu 00:09:40]default.py-13606-140549613668096-91-    INFO-"Module rules: httpfileserver -> (['httpfileserver'], 'component')"
[2018-08-23 Thu 00:09:58]default.py-13606-140550154688256-72-    INFO-"Load Plugin: component.xampp.XAMPP_0513e4ffc8bbb2129805b3ac0e9545ea.P"
[2018-08-23 Thu 00:09:58]default.py-13606-140550154688256-91-    INFO-"Module keywords: xampp -> (['xampp'], 'component')"
[2018-08-23 Thu 00:09:58]default.py-13606-140550154688256-91-    INFO-"Module rules: xampp -> (['xampp'], 'component')"
[2018-08-23 Thu 00:09:58]default.py-13606-140550154688256-72-    INFO-"Load Plugin: component.httpfileserver.httpfileserver.P"
[2018-08-23 Thu 00:09:59]default.py-13606-140550154688256-91-    INFO-"Module keywords: httpfileserver -> (['httpfileserver'], 'component')"
[2018-08-23 Thu 00:09:59]default.py-13606-140550154688256-91-    INFO-"Module rules: httpfileserver -> (['httpfileserver'], 'component')"
[2018-08-23 Thu 00:10:08]default.py-13606-140549619205888-72-    INFO-"Load Plugin: component.xampp.XAMPP_0513e4ffc8bbb2129805b3ac0e9545ea.P"
[2018-08-23 Thu 00:10:08]default.py-13606-140549619205888-91-    INFO-"Module keywords: xampp -> (['xampp'], 'component')"
[2018-08-23 Thu 00:10:08]default.py-13606-140549619205888-91-    INFO-"Module rules: xampp -> (['xampp'], 'component')"
[2018-08-23 Thu 00:10:08]default.py-13606-140549619205888-72-    INFO-"Load Plugin: component.httpfileserver.httpfileserver.P"
[2018-08-23 Thu 00:10:08]default.py-13606-140549619205888-91-    INFO-"Module keywords: httpfileserver -> (['httpfileserver'], 'component')"
[2018-08-23 Thu 00:10:08]default.py-13606-140549619205888-91-    INFO-"Module rules: httpfileserver -> (['httpfileserver'], 'component')"
[2018-08-23 Thu 00:10:39]default.py-13606-140550154688256-72-    INFO-"Load Plugin: component.xampp.XAMPP_0513e4ffc8bbb2129805b3ac0e9545ea.P"
[2018-08-23 Thu 00:10:39]default.py-13606-140550154688256-91-    INFO-"Module keywords: xampp -> (['xampp'], 'component')"
[2018-08-23 Thu 00:10:39]default.py-13606-140550154688256-91-    INFO-"Module rules: xampp -> (['xampp'], 'component')"
[2018-08-23 Thu 00:10:39]default.py-13606-140550154688256-72-    INFO-"Load Plugin: component.httpfileserver.httpfileserver.P"
[2018-08-23 Thu 00:10:39]default.py-13606-140550154688256-91-    INFO-"Module keywords: httpfileserver -> (['httpfileserver'], 'component')"
[2018-08-23 Thu 00:10:39]default.py-13606-140549613668096-72-    INFO-"Load Plugin: component.xampp.XAMPP_0513e4ffc8bbb2129805b3ac0e9545ea.P"
[2018-08-23 Thu 00:10:39]default.py-13606-140549614724864-72-    INFO-"Load Plugin: component.xampp.XAMPP_0513e4ffc8bbb2129805b3ac0e9545ea.P"
[2018-08-23 Thu 00:10:39]default.py-13606-140550154688256-91-    INFO-"Module rules: httpfileserver -> (['httpfileserver'], 'component')"
[2018-08-23 Thu 00:10:39]default.py-13606-140549613668096-91-    INFO-"Module keywords: xampp -> (['xampp'], 'component')"
[2018-08-23 Thu 00:10:39]default.py-13606-140549614724864-91-    INFO-"Module keywords: xampp -> (['xampp'], 'component')"
[2018-08-23 Thu 00:10:39]default.py-13606-140549614724864-91-    INFO-"Module rules: xampp -> (['xampp'], 'component')"
[2018-08-23 Thu 00:10:39]default.py-13606-140549613668096-91-    INFO-"Module rules: xampp -> (['xampp'], 'component')"
[2018-08-23 Thu 00:10:39]default.py-13606-140549614724864-72-    INFO-"Load Plugin: component.httpfileserver.httpfileserver.P"
[2018-08-23 Thu 00:10:39]default.py-13606-140549614724864-91-    INFO-"Module keywords: httpfileserver -> (['httpfileserver'], 'component')"
[2018-08-23 Thu 00:10:39]default.py-13606-140549614724864-91-    INFO-"Module rules: httpfileserver -> (['httpfileserver'], 'component')"
[2018-08-23 Thu 00:10:39]default.py-13606-140549613668096-72-    INFO-"Load Plugin: component.httpfileserver.httpfileserver.P"
[2018-08-23 Thu 00:10:39]default.py-13606-140549613668096-91-    INFO-"Module keywords: httpfileserver -> (['httpfileserver'], 'component')"
[2018-08-23 Thu 00:10:39]default.py-13606-140549613668096-91-    INFO-"Module rules: httpfileserver -> (['httpfileserver'], 'component')"
[2018-08-23 Thu 00:10:39]default.py-13606-140549621573376-72-    INFO-"Load Plugin: component.xampp.XAMPP_0513e4ffc8bbb2129805b3ac0e9545ea.P"
[2018-08-23 Thu 00:10:39]default.py-13606-140549621573376-91-    INFO-"Module keywords: xampp -> (['xampp'], 'component')"
[2018-08-23 Thu 00:10:39]default.py-13606-140549621573376-91-    INFO-"Module rules: xampp -> (['xampp'], 'component')"
[2018-08-23 Thu 00:10:39]default.py-13606-140549621573376-72-    INFO-"Load Plugin: component.httpfileserver.httpfileserver.P"
[2018-08-23 Thu 00:10:39]default.py-13606-140549621573376-91-    INFO-"Module keywords: httpfileserver -> (['httpfileserver'], 'component')"
[2018-08-23 Thu 00:10:39]default.py-13606-140549621573376-91-    INFO-"Module rules: httpfileserver -> (['httpfileserver'], 'component')"
[2018-08-23 Thu 00:11:02]default.py-13606-140549622101760-72-    INFO-"Load Plugin: component.xampp.XAMPP_0513e4ffc8bbb2129805b3ac0e9545ea.P"
[2018-08-23 Thu 00:11:02]default.py-13606-140549614196480-72-    INFO-"Load Plugin: component.xampp.XAMPP_0513e4ffc8bbb2129805b3ac0e9545ea.P"
[2018-08-23 Thu 00:11:02]default.py-13606-140549622101760-91-    INFO-"Module keywords: xampp -> (['xampp'], 'component')"
[2018-08-23 Thu 00:11:02]default.py-13606-140549614196480-91-    INFO-"Module keywords: xampp -> (['xampp'], 'component')"
[2018-08-23 Thu 00:11:02]default.py-13606-140549622101760-91-    INFO-"Module rules: xampp -> (['xampp'], 'component')"
[2018-08-23 Thu 00:11:02]default.py-13606-140549614196480-91-    INFO-"Module rules: xampp -> (['xampp'], 'component')"
[2018-08-23 Thu 00:11:02]default.py-13606-140549622101760-72-    INFO-"Load Plugin: component.httpfileserver.httpfileserver.P"
[2018-08-23 Thu 00:11:02]default.py-13606-140549622101760-91-    INFO-"Module keywords: httpfileserver -> (['httpfileserver'], 'component')"
[2018-08-23 Thu 00:11:02]default.py-13606-140549614196480-72-    INFO-"Load Plugin: component.httpfileserver.httpfileserver.P"
[2018-08-23 Thu 00:11:02]default.py-13606-140549622101760-91-    INFO-"Module rules: httpfileserver -> (['httpfileserver'], 'component')"
[2018-08-23 Thu 00:11:02]default.py-13606-140549614196480-91-    INFO-"Module keywords: httpfileserver -> (['httpfileserver'], 'component')"
[2018-08-23 Thu 00:11:02]default.py-13606-140549614196480-91-    INFO-"Module rules: httpfileserver -> (['httpfileserver'], 'component')"
