[2018-08-27 Mon 16:28:49]portscantask.py-12992-140229354530560-34-    INFO-"Thread-80 端口扫描　执行任务中2018-08-27 16:28:49.202630"
[2018-08-27 Mon 16:28:49]portscantask.py-12992-140229354530560-64-    INFO-"webutil.getwebinfo() method_1 
keywords:
title:访问错误
"
[2018-08-27 Mon 16:28:49]portscantask.py-12992-140229354530560-104-    INFO-"Thread-80 端口扫描　任务结束2018-08-27 16:28:49.819533"
[2018-08-27 Mon 16:45:43]portscantask.py-14028-140163730663168-34-    INFO-"Thread-35 端口扫描　执行任务中2018-08-27 16:45:43.661229"
[2018-08-27 Mon 16:45:43]portscantask.py-14028-140163730663168-64-    INFO-"webutil.getwebinfo() method_1 
keywords:
title:访问错误
"
[2018-08-27 Mon 16:45:44]portscantask.py-14028-140163730663168-104-    INFO-"Thread-35 端口扫描　任务结束2018-08-27 16:45:44.252908"
[2018-08-27 Mon 16:47:52]portscantask.py-14028-140163197814528-34-    INFO-"Thread-90 端口扫描　执行任务中2018-08-27 16:47:52.089613"
[2018-08-27 Mon 16:48:04]portscantask.py-14028-140163197814528-64-    INFO-"webutil.getwebinfo() method_1 
keywords:
title:
"
[2018-08-27 Mon 16:48:04]portscantask.py-14028-140163197814528-104-    INFO-"Thread-90 端口扫描　任务结束2018-08-27 16:48:04.489792"
[2018-08-27 Mon 16:56:29]portscantask.py-14449-140638306645760-34-    INFO-"Thread-35 端口扫描　执行任务中2018-08-27 16:56:29.333674"
[2018-08-27 Mon 16:56:52]portscantask.py-14449-140638306645760-64-    INFO-"webutil.getwebinfo() method_1 
keywords:
title:
"
[2018-08-27 Mon 16:56:53]portscantask.py-14449-140638306645760-104-    INFO-"Thread-35 端口扫描　任务结束2018-08-27 16:56:53.521981"
[2018-08-27 Mon 17:34:21]portscantask.py-15504-140447662462720-34-    INFO-"Thread-77 端口扫描　执行任务中2018-08-27 17:34:21.138772"
[2018-08-27 Mon 17:34:24]portscantask.py-15504-140447664047872-34-    INFO-"Thread-78 端口扫描　执行任务中2018-08-27 17:34:24.761318"
[2018-08-27 Mon 17:34:27]portscantask.py-15504-140447671805696-34-    INFO-"Thread-79 端口扫描　执行任务中2018-08-27 17:34:27.202401"
[2018-08-27 Mon 17:34:27]portscantask.py-15504-140447671805696-64-    INFO-"webutil.getwebinfo() method_1 
keywords:
title:访问错误
"
[2018-08-27 Mon 17:34:27]portscantask.py-15504-140447671805696-104-    INFO-"Thread-79 端口扫描　任务结束2018-08-27 17:34:27.475239"
[2018-08-27 Mon 17:34:30]portscantask.py-15504-140447662462720-64-    INFO-"webutil.getwebinfo() method_1 
keywords:
title:
"
[2018-08-27 Mon 17:34:30]portscantask.py-15504-140447662462720-104-    INFO-"Thread-77 端口扫描　任务结束2018-08-27 17:34:30.330750"
