[2018-07-27 Fri 02:09:01]sniffertask.py-4435-140652510476032-31-    INFO-"Thread-195NMAP 扫描执行任务中2018-07-27 02:09:01.138043"
[2018-07-27 Fri 02:09:01]sniffertask.py-4435-140652510476032-43-    INFO-"Thread-195NMAP 扫描任务结束2018-07-27 02:09:01.622687"
[2018-07-27 Fri 02:11:10]sniffertask.py-4435-140652513113856-31-    INFO-"Thread-197NMAP 扫描执行任务中2018-07-27 02:11:10.013041"
[2018-07-27 Fri 02:11:10]sniffertask.py-4435-140652513113856-43-    INFO-"Thread-197NMAP 扫描任务结束2018-07-27 02:11:10.505642"
[2018-07-27 Fri 02:12:26]sniffertask.py-5162-139696639686400-31-    INFO-"Thread-3NMAP 扫描执行任务中2018-07-27 02:12:26.728514"
[2018-07-27 Fri 02:12:27]sniffertask.py-5162-139696639686400-43-    INFO-"Thread-3NMAP 扫描任务结束2018-07-27 02:12:27.199786"
[2018-07-27 Fri 02:13:43]sniffertask.py-5162-139696634197760-31-    INFO-"Thread-6NMAP 扫描执行任务中2018-07-27 02:13:43.116352"
[2018-07-27 Fri 02:13:43]sniffertask.py-5162-139696634197760-43-    INFO-"Thread-6NMAP 扫描任务结束2018-07-27 02:13:43.552533"
[2018-07-27 Fri 02:14:31]sniffertask.py-5246-140064119248640-31-    INFO-"Thread-3NMAP 扫描执行任务中2018-07-27 02:14:31.803067"
[2018-07-27 Fri 02:14:32]sniffertask.py-5246-140064119248640-43-    INFO-"Thread-3NMAP 扫描任务结束2018-07-27 02:14:32.233455"
[2018-07-27 Fri 02:19:59]sniffertask.py-5246-140063910934272-31-    INFO-"Thread-29NMAP 扫描执行任务中2018-07-27 02:19:59.319373"
[2018-07-27 Fri 02:19:59]sniffertask.py-5246-140063910934272-43-    INFO-"Thread-29NMAP 扫描任务结束2018-07-27 02:19:59.760870"
[2018-07-30 Mon 13:54:20]sniffertask.py-3785-140094486042368-32-    INFO-"Thread-54NMAP 扫描执行任务中2018-07-30 13:54:20.521734"
[2018-07-30 Mon 13:54:21]sniffertask.py-3785-140094486042368-44-    INFO-"Thread-54NMAP 扫描任务结束2018-07-30 13:54:21.021648"
[2018-07-30 Mon 15:38:01]sniffertask.py-7380-139952387811072-32-    INFO-"Thread-109NMAP 扫描执行任务中2018-07-30 15:38:01.124595"
[2018-07-30 Mon 15:38:01]sniffertask.py-7380-139952387811072-44-    INFO-"Thread-109NMAP 扫描任务结束2018-07-30 15:38:01.547080"
[2018-07-30 Mon 15:38:14]sniffertask.py-7380-139952388867840-32-    INFO-"Thread-142NMAP 扫描执行任务中2018-07-30 15:38:14.148745"
[2018-07-30 Mon 15:38:14]sniffertask.py-7380-139952388867840-44-    INFO-"Thread-142NMAP 扫描任务结束2018-07-30 15:38:14.501690"
[2018-08-02 Thu 16:09:37]sniffertask.py-9830-140382619121408-33-    INFO-"Thread-82NMAP 扫描执行任务中2018-08-02 16:09:37.610546"
[2018-08-02 Thu 16:09:38]sniffertask.py-9830-140382619121408-45-    INFO-"Thread-82NMAP 扫描任务结束2018-08-02 16:09:38.426435"
